<?xml version="1.0" encoding="UTF-8"?>
<!-- Generated by org.testng.reporters.JUnitReportReporter -->
<testsuite name="Examples.FirtsTest" tests="1" time="17.221" ignored="0" failures="0" timestamp="17 abr 2018 00:55:28 GMT" skipped="0" hostname="Daniel-PTL" errors="0">
  <testcase name="LauchFirstTest" time="17.221" classname="Examples.FirtsTest"/>
</testsuite> <!-- Examples.FirtsTest -->
